0 info it worked if it ends with ok
1 verbose cli [ '/usr/local/bin/node', '/usr/local/bin/npm', 'publish' ]
2 info using npm@3.5.3
3 info using node@v4.1.1
4 verbose publish [ '.' ]
5 silly cache add args [ '.', null ]
6 verbose cache add spec .
7 silly cache add parsed spec Result {
7 silly cache add   raw: '.',
7 silly cache add   scope: null,
7 silly cache add   name: null,
7 silly cache add   rawSpec: '.',
7 silly cache add   spec: '/Users/brandon.dail/Development/respondable',
7 silly cache add   type: 'directory' }
8 verbose addLocalDirectory /Users/brandon.dail/.npm/respondable/0.1.1/package.tgz not in flight; packing
9 info lifecycle respondable@0.1.1~prepublish: respondable@0.1.1
10 silly lifecycle respondable@0.1.1~prepublish: no script for prepublish, continuing
11 verbose tar pack [ '/Users/brandon.dail/.npm/respondable/0.1.1/package.tgz',
11 verbose tar pack   '/Users/brandon.dail/Development/respondable' ]
12 verbose tarball /Users/brandon.dail/.npm/respondable/0.1.1/package.tgz
13 verbose folder /Users/brandon.dail/Development/respondable
14 verbose addLocalTarball adding from inside cache /Users/brandon.dail/.npm/respondable/0.1.1/package.tgz
15 silly cache afterAdd respondable@0.1.1
16 verbose afterAdd /Users/brandon.dail/.npm/respondable/0.1.1/package/package.json not in flight; writing
17 verbose afterAdd /Users/brandon.dail/.npm/respondable/0.1.1/package/package.json written
18 silly publish { name: 'respondable',
18 silly publish   version: '0.1.1',
18 silly publish   description: 'Utilizes matchMedia to performantly return conditional values based on media queries.',
18 silly publish   main: 'index.js',
18 silly publish   scripts: { test: 'echo "Error: no test specified" && exit 1' },
18 silly publish   keywords: [ 'responsive', 'matchMedia' ],
18 silly publish   author:
18 silly publish    { name: 'Brandon Dail',
18 silly publish      email: 'brandon.dail@conciergeauctions.com' },
18 silly publish   license: 'MIT',
18 silly publish   readme: '# respondable\n\n__under development__\n\nA small utility that lets you pass in media query descriptions and corresponding return values that will be invoked with a registered handler.\n\nrespondable doesn\'t use any `resize` event handlers anywhere. Instead it relies on the `addListener` method of the `MediaQueryList` object returned by `matchMedia`.\n\n**Note: `matchMedia` is a hard dependency of respondable. It will only work in instances where both `matchMedia` and `matchMedia.addListener` are supported.**\n\n\n## Usage\n\n\n```js\n\nvar map = {\n   \'(min-width: 414px)\': \'small\',\n   \'(min-width: 768px)\': \'medium\',\n   \'(min-width: 1080px)\': \'large\',\n   \'(min-width: 1400px)\': \'extra-large\',\n   default: \'default value\'\n};\n\nrespondable(map, function(data) {\n  // use value here\n});\n\n```\n\nA single function, `respondable`, is exported with the signature `respondable(values, callback)`, where `values` is your map of media queries\nand their respective values, and `callback` is the function invoked when those\nqueries change.\n\n\n`respondable` returns an id that can be used to remove all the registered listeners for that scope by passing it to `respondable.destroy`\n\n```js\n\nvar id = respondable(map, function(data) {\n  // use value here\n});\n\nrespondable.destroy(id);\n\n```\n\n## Example\n\nJust clone this repo and open the `test.html` file in your browser to test it out.\n\n\n\n## Warnings\n\nThis repo is still in the early stages of development. There are a few things to keep in mind:\n\n* Its only really been tested using `min-width`, with a mobile-first approach.\n* The queries should be in ascending order, by `px`\n* Competing queries may unexpectedly overwrite each other.\n',
18 silly publish   readmeFilename: 'README.md',
18 silly publish   gitHead: '7e433d740b3f468ebed757a240cfb3b1f6606840',
18 silly publish   _id: 'respondable@0.1.1',
18 silly publish   _shasum: 'a94a291ebf12a649c2de7ecfbf2f753e9367b384',
18 silly publish   _from: '.' }
19 verbose getPublishConfig undefined
20 silly mapToRegistry name respondable
21 silly mapToRegistry using default registry
22 silly mapToRegistry registry https://registry.npmjs.org/
23 silly mapToRegistry uri https://registry.npmjs.org/respondable
24 verbose publish registryBase https://registry.npmjs.org/
25 silly publish uploading /Users/brandon.dail/.npm/respondable/0.1.1/package.tgz
26 verbose request uri https://registry.npmjs.org/respondable
27 verbose request sending authorization for write operation
28 info attempt registry request try #1 at 12:29:41 PM
29 verbose request using bearer token for auth
30 verbose request id 48220ded017ec49d
31 http request PUT https://registry.npmjs.org/respondable
32 http 403 https://registry.npmjs.org/respondable
33 verbose headers { 'content-type': 'application/json',
33 verbose headers   'cache-control': 'max-age=300',
33 verbose headers   'content-length': '95',
33 verbose headers   'accept-ranges': 'bytes',
33 verbose headers   date: 'Fri, 26 Feb 2016 18:29:43 GMT',
33 verbose headers   via: '1.1 varnish',
33 verbose headers   connection: 'keep-alive',
33 verbose headers   'x-served-by': 'cache-ord1726-ORD',
33 verbose headers   'x-cache': 'MISS',
33 verbose headers   'x-cache-hits': '0',
33 verbose headers   'x-timer': 'S1456511382.623473,VS0,VE1051' }
34 verbose request invalidating /Users/brandon.dail/.npm/registry.npmjs.org/respondable on PUT
35 error publish Failed PUT 403
36 verbose stack Error: "You cannot publish over the previously published version 0.1.1." : respondable
36 verbose stack     at makeError (/usr/local/lib/node_modules/npm/node_modules/npm-registry-client/lib/request.js:264:12)
36 verbose stack     at CachingRegistryClient.<anonymous> (/usr/local/lib/node_modules/npm/node_modules/npm-registry-client/lib/request.js:252:14)
36 verbose stack     at Request._callback (/usr/local/lib/node_modules/npm/node_modules/npm-registry-client/lib/request.js:172:14)
36 verbose stack     at Request.self.callback (/usr/local/lib/node_modules/npm/node_modules/request/request.js:198:22)
36 verbose stack     at emitTwo (events.js:87:13)
36 verbose stack     at Request.emit (events.js:172:7)
36 verbose stack     at Request.<anonymous> (/usr/local/lib/node_modules/npm/node_modules/request/request.js:1035:10)
36 verbose stack     at emitOne (events.js:82:20)
36 verbose stack     at Request.emit (events.js:169:7)
36 verbose stack     at IncomingMessage.<anonymous> (/usr/local/lib/node_modules/npm/node_modules/request/request.js:962:12)
37 verbose statusCode 403
38 verbose pkgid respondable
39 verbose cwd /Users/brandon.dail/Development/respondable
40 error Darwin 15.0.0
41 error argv "/usr/local/bin/node" "/usr/local/bin/npm" "publish"
42 error node v4.1.1
43 error npm  v3.5.3
44 error code E403
45 error "You cannot publish over the previously published version 0.1.1." : respondable
46 error If you need help, you may report this error at:
46 error     <https://github.com/npm/npm/issues>
47 verbose exit [ 1, true ]
